<?xml version="1.0" encoding="UTF-8"?>
<!-- Generated by org.testng.reporters.JUnitReportReporter -->
<testsuite hostname="DESKTOP-FRMU0EO" failures="0" tests="1" name="com.pos.testcases.CreateNewCutomer" time="40.759" errors="0" timestamp="2024-05-25T07:55:35 EDT" skipped="0">
  <testcase classname="com.pos.testcases.CreateNewCutomer" name="runLogin" time="40.759"/>
  <system-out/>
</testsuite> <!-- com.pos.testcases.CreateNewCutomer -->
