<?xml version="1.0" encoding="UTF-8"?>
<!-- Generated by org.testng.reporters.JUnitReportReporter -->
<testsuite hostname="DESKTOP-FRMU0EO" failures="0" tests="1" name="com.pos.testcases.CreateNewVendor" time="37.919" errors="0" timestamp="2024-05-25T07:55:35 EDT" skipped="0">
  <testcase classname="com.pos.testcases.CreateNewVendor" name="runLogin" time="37.919"/>
  <system-out/>
</testsuite> <!-- com.pos.testcases.CreateNewVendor -->
